#
# A fatal error has been detected by the Java Runtime Environment:
#
#  Internal Error (./src/hotspot/os_cpu/windows_x86/os_windows_x86.cpp:146), pid=45832, tid=25548
#  guarantee(result == EXCEPTION_CONTINUE_EXECUTION) failed: Unexpected result from topLevelExceptionFilter
#
# JRE version: OpenJDK Runtime Environment Temurin-11.0.13+8 (11.0.13+8) (build 11.0.13+8)
# Java VM: OpenJDK 64-Bit Server VM Temurin-11.0.13+8 (11.0.13+8, mixed mode, tiered, compressed oops, g1 gc, windows-amd64)
# No core dump will be written. Minidumps are not enabled by default on client versions of Windows
#
# If you would like to submit a bug report, please visit:
#   https://github.com/adoptium/adoptium-support/issues
# The crash happened outside the Java Virtual Machine in native code.
# See problematic frame for where to report the bug.
#

---------------  S U M M A R Y ------------

Command Line: -javaagent:C:\Program Files\JetBrains\IntelliJ IDEA 2021.2.3\lib\idea_rt.jar=56034:C:\Program Files\JetBrains\IntelliJ IDEA 2021.2.3\bin -Dfile.encoding=UTF-8 Main

Host: AMD Ryzen 5 2600 Six-Core Processor            , 12 cores, 15G,  Windows 10 , 64 bit Build 19041 (10.0.19041.1466)
Time: Wed Feb 16 21:24:39 2022 Paris, Madrid elapsed time: 21.715701 seconds (0d 0h 0m 21s)

---------------  T H R E A D  ---------------

Current thread (0x000001f07464b800):  JavaThread "main" [_thread_in_native, id=25548, stack(0x0000009bce800000,0x0000009bce900000)]

Stack: [0x0000009bce800000,0x0000009bce900000]
Native frames: (J=compiled Java code, j=interpreted, Vv=VM code, C=native code)
V  [jvm.dll+0x61cc7a]
V  [jvm.dll+0x7a8fd9]
V  [jvm.dll+0x7aa69f]
V  [jvm.dll+0x7aad27]
V  [jvm.dll+0x24f75c]
V  [jvm.dll+0x61c89c]
C  [ntdll.dll+0xa20cf]
C  [ntdll.dll+0x51454]
C  [ntdll.dll+0xa0bfe]
C  [imgui-java64.dll+0x50247]

Java frames: (J=compiled Java code, j=interpreted, Vv=VM code)
J 1525  imgui.ImGui.showDemoWindow()V (0 bytes) @ 0x000001f007b7730e [0x000001f007b772c0+0x000000000000004e]
J 1495 c1 core.gui.ImGuiLayer.update(F)V (28 bytes) @ 0x000001f00083639c [0x000001f0008362c0+0x00000000000000dc]
j  core.Window.loop()V+379
j  core.Window.run()V+19
j  Main.main([Ljava/lang/String;)V+5
v  ~StubRoutines::call_stub

---------------  P R O C E S S  ---------------

Threads class SMR info:
_java_thread_list=0x000001f01e8adbd0, length=11, elements={
0x000001f07464b800, 0x000001f07ffc3000, 0x000001f07ffc4000, 0x000001f07ffc0000,
0x000001f019866800, 0x000001f019868800, 0x000001f019877000, 0x000001f01987d800,
0x000001f07ffca000, 0x000001f07ff6d000, 0x000001f019e6a000
}

Java Threads: ( => current thread )
=>0x000001f07464b800 JavaThread "main" [_thread_in_native, id=25548, stack(0x0000009bce800000,0x0000009bce900000)]
  0x000001f07ffc3000 JavaThread "Reference Handler" daemon [_thread_blocked, id=80544, stack(0x0000009bcef00000,0x0000009bcf000000)]
  0x000001f07ffc4000 JavaThread "Finalizer" daemon [_thread_blocked, id=8056, stack(0x0000009bcf000000,0x0000009bcf100000)]
  0x000001f07ffc0000 JavaThread "Signal Dispatcher" daemon [_thread_blocked, id=54948, stack(0x0000009bcf100000,0x0000009bcf200000)]
  0x000001f019866800 JavaThread "Attach Listener" daemon [_thread_blocked, id=104880, stack(0x0000009bcf200000,0x0000009bcf300000)]
  0x000001f019868800 JavaThread "Service Thread" daemon [_thread_blocked, id=108428, stack(0x0000009bcf300000,0x0000009bcf400000)]
  0x000001f019877000 JavaThread "C2 CompilerThread0" daemon [_thread_blocked, id=8348, stack(0x0000009bcf400000,0x0000009bcf500000)]
  0x000001f01987d800 JavaThread "C1 CompilerThread0" daemon [_thread_blocked, id=110536, stack(0x0000009bcf500000,0x0000009bcf600000)]
  0x000001f07ffca000 JavaThread "Sweeper thread" daemon [_thread_blocked, id=15008, stack(0x0000009bcf600000,0x0000009bcf700000)]
  0x000001f07ff6d000 JavaThread "Common-Cleaner" daemon [_thread_blocked, id=10720, stack(0x0000009bcf700000,0x0000009bcf800000)]
  0x000001f019e6a000 JavaThread "Monitor Ctrl-Break" daemon [_thread_in_native, id=88228, stack(0x0000009bcf900000,0x0000009bcfa00000)]

Other Threads:
  0x000001f07ffb0000 VMThread "VM Thread" [stack: 0x0000009bcee00000,0x0000009bcef00000] [id=53688]
  0x000001f019f40000 WatcherThread [stack: 0x0000009bcfa00000,0x0000009bcfb00000] [id=77184]
  0x000001f074663000 GCTaskThread "GC Thread#0" [stack: 0x0000009bce900000,0x0000009bcea00000] [id=79948]
  0x000001f01e922000 GCTaskThread "GC Thread#1" [stack: 0x0000009bd0100000,0x0000009bd0200000] [id=103660]
  0x000001f01e858000 GCTaskThread "GC Thread#2" [stack: 0x0000009bd0200000,0x0000009bd0300000] [id=6584]
  0x000001f01e949800 GCTaskThread "GC Thread#3" [stack: 0x0000009bd0300000,0x0000009bd0400000] [id=66008]
  0x000001f01e94a000 GCTaskThread "GC Thread#4" [stack: 0x0000009bd0400000,0x0000009bd0500000] [id=43452]
  0x000001f01eb9e800 GCTaskThread "GC Thread#5" [stack: 0x0000009bd0500000,0x0000009bd0600000] [id=71004]
  0x000001f0746c0800 ConcurrentGCThread "G1 Main Marker" [stack: 0x0000009bcea00000,0x0000009bceb00000] [id=113612]
  0x000001f0746c5000 ConcurrentGCThread "G1 Conc#0" [stack: 0x0000009bceb00000,0x0000009bcec00000] [id=57236]
  0x000001f07fe94800 ConcurrentGCThread "G1 Refine#0" [stack: 0x0000009bcec00000,0x0000009bced00000] [id=42824]
  0x000001f07fe96000 ConcurrentGCThread "G1 Young RemSet Sampling" [stack: 0x0000009bced00000,0x0000009bcee00000] [id=73464]

Threads with active compile tasks:

VM state:not at safepoint (normal execution)

VM Mutex/Monitor currently owned by a thread: None

Heap address: 0x0000000701000000, size: 4080 MB, Compressed Oops mode: Zero based, Oop shift amount: 3
Narrow klass base: 0x0000000800000000, Narrow klass shift: 0
Compressed class space size: 1073741824 Address: 0x0000000800000000

Heap:
 garbage-first heap   total 262144K, used 96992K [0x0000000701000000, 0x0000000800000000)
  region size 1024K, 97 young (99328K), 3 survivors (3072K)
 Metaspace       used 17271K, capacity 17639K, committed 17792K, reserved 1064960K
  class space    used 1181K, capacity 1298K, committed 1408K, reserved 1048576K
Heap Regions: E=young(eden), S=young(survivor), O=old, HS=humongous(starts), HC=humongous(continues), CS=collection set, F=free, A=archive, TAMS=top-at-mark-start (previous, next)
|   0|0x0000000701000000, 0x0000000701000000, 0x0000000701100000|  0%| F|  |TAMS 0x0000000701000000, 0x0000000701000000| Untracked 
|   1|0x0000000701100000, 0x0000000701100000, 0x0000000701200000|  0%| F|  |TAMS 0x0000000701100000, 0x0000000701100000| Untracked 
|   2|0x0000000701200000, 0x0000000701200000, 0x0000000701300000|  0%| F|  |TAMS 0x0000000701200000, 0x0000000701200000| Untracked 
|   3|0x0000000701300000, 0x0000000701300000, 0x0000000701400000|  0%| F|  |TAMS 0x0000000701300000, 0x0000000701300000| Untracked 
|   4|0x0000000701400000, 0x0000000701400000, 0x0000000701500000|  0%| F|  |TAMS 0x0000000701400000, 0x0000000701400000| Untracked 
|   5|0x0000000701500000, 0x0000000701500000, 0x0000000701600000|  0%| F|  |TAMS 0x0000000701500000, 0x0000000701500000| Untracked 
|   6|0x0000000701600000, 0x0000000701600000, 0x0000000701700000|  0%| F|  |TAMS 0x0000000701600000, 0x0000000701600000| Untracked 
|   7|0x0000000701700000, 0x0000000701700000, 0x0000000701800000|  0%| F|  |TAMS 0x0000000701700000, 0x0000000701700000| Untracked 
|   8|0x0000000701800000, 0x0000000701800000, 0x0000000701900000|  0%| F|  |TAMS 0x0000000701800000, 0x0000000701800000| Untracked 
|   9|0x0000000701900000, 0x0000000701900000, 0x0000000701a00000|  0%| F|  |TAMS 0x0000000701900000, 0x0000000701900000| Untracked 
|  10|0x0000000701a00000, 0x0000000701a00000, 0x0000000701b00000|  0%| F|  |TAMS 0x0000000701a00000, 0x0000000701a00000| Untracked 
|  11|0x0000000701b00000, 0x0000000701b00000, 0x0000000701c00000|  0%| F|  |TAMS 0x0000000701b00000, 0x0000000701b00000| Untracked 
|  12|0x0000000701c00000, 0x0000000701c00000, 0x0000000701d00000|  0%| F|  |TAMS 0x0000000701c00000, 0x0000000701c00000| Untracked 
|  13|0x0000000701d00000, 0x0000000701d00000, 0x0000000701e00000|  0%| F|  |TAMS 0x0000000701d00000, 0x0000000701d00000| Untracked 
|  14|0x0000000701e00000, 0x0000000701e00000, 0x0000000701f00000|  0%| F|  |TAMS 0x0000000701e00000, 0x0000000701e00000| Untracked 
|  15|0x0000000701f00000, 0x0000000701f00000, 0x0000000702000000|  0%| F|  |TAMS 0x0000000701f00000, 0x0000000701f00000| Untracked 
|  16|0x0000000702000000, 0x0000000702000000, 0x0000000702100000|  0%| F|  |TAMS 0x0000000702000000, 0x0000000702000000| Untracked 
|  17|0x0000000702100000, 0x0000000702100000, 0x0000000702200000|  0%| F|  |TAMS 0x0000000702100000, 0x0000000702100000| Untracked 
|  18|0x0000000702200000, 0x0000000702200000, 0x0000000702300000|  0%| F|  |TAMS 0x0000000702200000, 0x0000000702200000| Untracked 
|  19|0x0000000702300000, 0x0000000702300000, 0x0000000702400000|  0%| F|  |TAMS 0x0000000702300000, 0x0000000702300000| Untracked 
|  20|0x0000000702400000, 0x0000000702400000, 0x0000000702500000|  0%| F|  |TAMS 0x0000000702400000, 0x0000000702400000| Untracked 
|  21|0x0000000702500000, 0x0000000702500000, 0x0000000702600000|  0%| F|  |TAMS 0x0000000702500000, 0x0000000702500000| Untracked 
|  22|0x0000000702600000, 0x0000000702600000, 0x0000000702700000|  0%| F|  |TAMS 0x0000000702600000, 0x0000000702600000| Untracked 
|  23|0x0000000702700000, 0x0000000702700000, 0x0000000702800000|  0%| F|  |TAMS 0x0000000702700000, 0x0000000702700000| Untracked 
|  24|0x0000000702800000, 0x0000000702800000, 0x0000000702900000|  0%| F|  |TAMS 0x0000000702800000, 0x0000000702800000| Untracked 
|  25|0x0000000702900000, 0x0000000702900000, 0x0000000702a00000|  0%| F|  |TAMS 0x0000000702900000, 0x0000000702900000| Untracked 
|  26|0x0000000702a00000, 0x0000000702a00000, 0x0000000702b00000|  0%| F|  |TAMS 0x0000000702a00000, 0x0000000702a00000| Untracked 
|  27|0x0000000702b00000, 0x0000000702b00000, 0x0000000702c00000|  0%| F|  |TAMS 0x0000000702b00000, 0x0000000702b00000| Untracked 
|  28|0x0000000702c00000, 0x0000000702c00000, 0x0000000702d00000|  0%| F|  |TAMS 0x0000000702c00000, 0x0000000702c00000| Untracked 
|  29|0x0000000702d00000, 0x0000000702d00000, 0x0000000702e00000|  0%| F|  |TAMS 0x0000000702d00000, 0x0000000702d00000| Untracked 
|  30|0x0000000702e00000, 0x0000000702e00000, 0x0000000702f00000|  0%| F|  |TAMS 0x0000000702e00000, 0x0000000702e00000| Untracked 
|  31|0x0000000702f00000, 0x0000000702f00000, 0x0000000703000000|  0%| F|  |TAMS 0x0000000702f00000, 0x0000000702f00000| Untracked 
|  32|0x0000000703000000, 0x0000000703000000, 0x0000000703100000|  0%| F|  |TAMS 0x0000000703000000, 0x0000000703000000| Untracked 
|  33|0x0000000703100000, 0x0000000703100000, 0x0000000703200000|  0%| F|  |TAMS 0x0000000703100000, 0x0000000703100000| Untracked 
|  34|0x0000000703200000, 0x0000000703200000, 0x0000000703300000|  0%| F|  |TAMS 0x0000000703200000, 0x0000000703200000| Untracked 
|  35|0x0000000703300000, 0x0000000703300000, 0x0000000703400000|  0%| F|  |TAMS 0x0000000703300000, 0x0000000703300000| Untracked 
|  36|0x0000000703400000, 0x0000000703400000, 0x0000000703500000|  0%| F|  |TAMS 0x0000000703400000, 0x0000000703400000| Untracked 
|  37|0x0000000703500000, 0x0000000703500000, 0x0000000703600000|  0%| F|  |TAMS 0x0000000703500000, 0x0000000703500000| Untracked 
|  38|0x0000000703600000, 0x0000000703600000, 0x0000000703700000|  0%| F|  |TAMS 0x0000000703600000, 0x0000000703600000| Untracked 
|  39|0x0000000703700000, 0x0000000703700000, 0x0000000703800000|  0%| F|  |TAMS 0x0000000703700000, 0x0000000703700000| Untracked 
|  40|0x0000000703800000, 0x0000000703800000, 0x0000000703900000|  0%| F|  |TAMS 0x0000000703800000, 0x0000000703800000| Untracked 
|  41|0x0000000703900000, 0x0000000703900000, 0x0000000703a00000|  0%| F|  |TAMS 0x0000000703900000, 0x0000000703900000| Untracked 
|  42|0x0000000703a00000, 0x0000000703a00000, 0x0000000703b00000|  0%| F|  |TAMS 0x0000000703a00000, 0x0000000703a00000| Untracked 
|  43|0x0000000703b00000, 0x0000000703b00000, 0x0000000703c00000|  0%| F|  |TAMS 0x0000000703b00000, 0x0000000703b00000| Untracked 
|  44|0x0000000703c00000, 0x0000000703c00000, 0x0000000703d00000|  0%| F|  |TAMS 0x0000000703c00000, 0x0000000703c00000| Untracked 
|  45|0x0000000703d00000, 0x0000000703d00000, 0x0000000703e00000|  0%| F|  |TAMS 0x0000000703d00000, 0x0000000703d00000| Untracked 
|  46|0x0000000703e00000, 0x0000000703e00000, 0x0000000703f00000|  0%| F|  |TAMS 0x0000000703e00000, 0x0000000703e00000| Untracked 
|  47|0x0000000703f00000, 0x0000000703f00000, 0x0000000704000000|  0%| F|  |TAMS 0x0000000703f00000, 0x0000000703f00000| Untracked 
|  48|0x0000000704000000, 0x0000000704000000, 0x0000000704100000|  0%| F|  |TAMS 0x0000000704000000, 0x0000000704000000| Untracked 
|  49|0x0000000704100000, 0x0000000704100000, 0x0000000704200000|  0%| F|  |TAMS 0x0000000704100000, 0x0000000704100000| Untracked 
|  50|0x0000000704200000, 0x0000000704200000, 0x0000000704300000|  0%| F|  |TAMS 0x0000000704200000, 0x0000000704200000| Untracked 
|  51|0x0000000704300000, 0x0000000704300000, 0x0000000704400000|  0%| F|  |TAMS 0x0000000704300000, 0x0000000704300000| Untracked 
|  52|0x0000000704400000, 0x0000000704400000, 0x0000000704500000|  0%| F|  |TAMS 0x0000000704400000, 0x0000000704400000| Untracked 
|  53|0x0000000704500000, 0x0000000704500000, 0x0000000704600000|  0%| F|  |TAMS 0x0000000704500000, 0x0000000704500000| Untracked 
|  54|0x0000000704600000, 0x0000000704600000, 0x0000000704700000|  0%| F|  |TAMS 0x0000000704600000, 0x0000000704600000| Untracked 
|  55|0x0000000704700000, 0x0000000704700000, 0x0000000704800000|  0%| F|  |TAMS 0x0000000704700000, 0x0000000704700000| Untracked 
|  56|0x0000000704800000, 0x0000000704800000, 0x0000000704900000|  0%| F|  |TAMS 0x0000000704800000, 0x0000000704800000| Untracked 
|  57|0x0000000704900000, 0x0000000704900000, 0x0000000704a00000|  0%| F|  |TAMS 0x0000000704900000, 0x0000000704900000| Untracked 
|  58|0x0000000704a00000, 0x0000000704a00000, 0x0000000704b00000|  0%| F|  |TAMS 0x0000000704a00000, 0x0000000704a00000| Untracked 
|  59|0x0000000704b00000, 0x0000000704b00000, 0x0000000704c00000|  0%| F|  |TAMS 0x0000000704b00000, 0x0000000704b00000| Untracked 
|  60|0x0000000704c00000, 0x0000000704c00000, 0x0000000704d00000|  0%| F|  |TAMS 0x0000000704c00000, 0x0000000704c00000| Untracked 
|  61|0x0000000704d00000, 0x0000000704d00000, 0x0000000704e00000|  0%| F|  |TAMS 0x0000000704d00000, 0x0000000704d00000| Untracked 
|  62|0x0000000704e00000, 0x0000000704e00000, 0x0000000704f00000|  0%| F|  |TAMS 0x0000000704e00000, 0x0000000704e00000| Untracked 
|  63|0x0000000704f00000, 0x0000000704f00000, 0x0000000705000000|  0%| F|  |TAMS 0x0000000704f00000, 0x0000000704f00000| Untracked 
|  64|0x0000000705000000, 0x0000000705000000, 0x0000000705100000|  0%| F|  |TAMS 0x0000000705000000, 0x0000000705000000| Untracked 
|  65|0x0000000705100000, 0x0000000705100000, 0x0000000705200000|  0%| F|  |TAMS 0x0000000705100000, 0x0000000705100000| Untracked 
|  66|0x0000000705200000, 0x0000000705200000, 0x0000000705300000|  0%| F|  |TAMS 0x0000000705200000, 0x0000000705200000| Untracked 
|  67|0x0000000705300000, 0x0000000705300000, 0x0000000705400000|  0%| F|  |TAMS 0x0000000705300000, 0x0000000705300000| Untracked 
|  68|0x0000000705400000, 0x0000000705400000, 0x0000000705500000|  0%| F|  |TAMS 0x0000000705400000, 0x0000000705400000| Untracked 
|  69|0x0000000705500000, 0x0000000705500000, 0x0000000705600000|  0%| F|  |TAMS 0x0000000705500000, 0x0000000705500000| Untracked 
|  70|0x0000000705600000, 0x0000000705600000, 0x0000000705700000|  0%| F|  |TAMS 0x0000000705600000, 0x0000000705600000| Untracked 
|  71|0x0000000705700000, 0x0000000705700000, 0x0000000705800000|  0%| F|  |TAMS 0x0000000705700000, 0x0000000705700000| Untracked 
|  72|0x0000000705800000, 0x0000000705800000, 0x0000000705900000|  0%| F|  |TAMS 0x0000000705800000, 0x0000000705800000| Untracked 
|  73|0x0000000705900000, 0x0000000705900000, 0x0000000705a00000|  0%| F|  |TAMS 0x0000000705900000, 0x0000000705900000| Untracked 
|  74|0x0000000705a00000, 0x0000000705a00000, 0x0000000705b00000|  0%| F|  |TAMS 0x0000000705a00000, 0x0000000705a00000| Untracked 
|  75|0x0000000705b00000, 0x0000000705b00000, 0x0000000705c00000|  0%| F|  |TAMS 0x0000000705b00000, 0x0000000705b00000| Untracked 
|  76|0x0000000705c00000, 0x0000000705c00000, 0x0000000705d00000|  0%| F|  |TAMS 0x0000000705c00000, 0x0000000705c00000| Untracked 
|  77|0x0000000705d00000, 0x0000000705d00000, 0x0000000705e00000|  0%| F|  |TAMS 0x0000000705d00000, 0x0000000705d00000| Untracked 
|  78|0x0000000705e00000, 0x0000000705e00000, 0x0000000705f00000|  0%| F|  |TAMS 0x0000000705e00000, 0x0000000705e00000| Untracked 
|  79|0x0000000705f00000, 0x0000000705f00000, 0x0000000706000000|  0%| F|  |TAMS 0x0000000705f00000, 0x0000000705f00000| Untracked 
|  80|0x0000000706000000, 0x0000000706000000, 0x0000000706100000|  0%| F|  |TAMS 0x0000000706000000, 0x0000000706000000| Untracked 
|  81|0x0000000706100000, 0x0000000706100000, 0x0000000706200000|  0%| F|  |TAMS 0x0000000706100000, 0x0000000706100000| Untracked 
|  82|0x0000000706200000, 0x0000000706200000, 0x0000000706300000|  0%| F|  |TAMS 0x0000000706200000, 0x0000000706200000| Untracked 
|  83|0x0000000706300000, 0x0000000706300000, 0x0000000706400000|  0%| F|  |TAMS 0x0000000706300000, 0x0000000706300000| Untracked 
|  84|0x0000000706400000, 0x0000000706400000, 0x0000000706500000|  0%| F|  |TAMS 0x0000000706400000, 0x0000000706400000| Untracked 
|  85|0x0000000706500000, 0x0000000706500000, 0x0000000706600000|  0%| F|  |TAMS 0x0000000706500000, 0x0000000706500000| Untracked 
|  86|0x0000000706600000, 0x0000000706600000, 0x0000000706700000|  0%| F|  |TAMS 0x0000000706600000, 0x0000000706600000| Untracked 
|  87|0x0000000706700000, 0x0000000706700000, 0x0000000706800000|  0%| F|  |TAMS 0x0000000706700000, 0x0000000706700000| Untracked 
|  88|0x0000000706800000, 0x0000000706800000, 0x0000000706900000|  0%| F|  |TAMS 0x0000000706800000, 0x0000000706800000| Untracked 
|  89|0x0000000706900000, 0x0000000706900000, 0x0000000706a00000|  0%| F|  |TAMS 0x0000000706900000, 0x0000000706900000| Untracked 
|  90|0x0000000706a00000, 0x0000000706a00000, 0x0000000706b00000|  0%| F|  |TAMS 0x0000000706a00000, 0x0000000706a00000| Untracked 
|  91|0x0000000706b00000, 0x0000000706b00000, 0x0000000706c00000|  0%| F|  |TAMS 0x0000000706b00000, 0x0000000706b00000| Untracked 
|  92|0x0000000706c00000, 0x0000000706c00000, 0x0000000706d00000|  0%| F|  |TAMS 0x0000000706c00000, 0x0000000706c00000| Untracked 
|  93|0x0000000706d00000, 0x0000000706d00000, 0x0000000706e00000|  0%| F|  |TAMS 0x0000000706d00000, 0x0000000706d00000| Untracked 
|  94|0x0000000706e00000, 0x0000000706e00000, 0x0000000706f00000|  0%| F|  |TAMS 0x0000000706e00000, 0x0000000706e00000| Untracked 
|  95|0x0000000706f00000, 0x0000000706f00000, 0x0000000707000000|  0%| F|  |TAMS 0x0000000706f00000, 0x0000000706f00000| Untracked 
|  96|0x0000000707000000, 0x0000000707000000, 0x0000000707100000|  0%| F|  |TAMS 0x0000000707000000, 0x0000000707000000| Untracked 
|  97|0x0000000707100000, 0x0000000707100000, 0x0000000707200000|  0%| F|  |TAMS 0x0000000707100000, 0x0000000707100000| Untracked 
|  98|0x0000000707200000, 0x0000000707200000, 0x0000000707300000|  0%| F|  |TAMS 0x0000000707200000, 0x0000000707200000| Untracked 
|  99|0x0000000707300000, 0x0000000707300000, 0x0000000707400000|  0%| F|  |TAMS 0x0000000707300000, 0x0000000707300000| Untracked 
| 100|0x0000000707400000, 0x0000000707400000, 0x0000000707500000|  0%| F|  |TAMS 0x0000000707400000, 0x0000000707400000| Untracked 
| 101|0x0000000707500000, 0x0000000707500000, 0x0000000707600000|  0%| F|  |TAMS 0x0000000707500000, 0x0000000707500000| Untracked 
| 102|0x0000000707600000, 0x0000000707600000, 0x0000000707700000|  0%| F|  |TAMS 0x0000000707600000, 0x0000000707600000| Untracked 
| 103|0x0000000707700000, 0x0000000707700000, 0x0000000707800000|  0%| F|  |TAMS 0x0000000707700000, 0x0000000707700000| Untracked 
| 104|0x0000000707800000, 0x0000000707800000, 0x0000000707900000|  0%| F|  |TAMS 0x0000000707800000, 0x0000000707800000| Untracked 
| 105|0x0000000707900000, 0x0000000707900000, 0x0000000707a00000|  0%| F|  |TAMS 0x0000000707900000, 0x0000000707900000| Untracked 
| 106|0x0000000707a00000, 0x0000000707a00000, 0x0000000707b00000|  0%| F|  |TAMS 0x0000000707a00000, 0x0000000707a00000| Untracked 
| 107|0x0000000707b00000, 0x0000000707b00000, 0x0000000707c00000|  0%| F|  |TAMS 0x0000000707b00000, 0x0000000707b00000| Untracked 
| 108|0x0000000707c00000, 0x0000000707c00000, 0x0000000707d00000|  0%| F|  |TAMS 0x0000000707c00000, 0x0000000707c00000| Untracked 
| 109|0x0000000707d00000, 0x0000000707d00000, 0x0000000707e00000|  0%| F|  |TAMS 0x0000000707d00000, 0x0000000707d00000| Untracked 
| 110|0x0000000707e00000, 0x0000000707e00000, 0x0000000707f00000|  0%| F|  |TAMS 0x0000000707e00000, 0x0000000707e00000| Untracked 
| 111|0x0000000707f00000, 0x0000000707f00000, 0x0000000708000000|  0%| F|  |TAMS 0x0000000707f00000, 0x0000000707f00000| Untracked 
| 112|0x0000000708000000, 0x0000000708000000, 0x0000000708100000|  0%| F|  |TAMS 0x0000000708000000, 0x0000000708000000| Untracked 
| 113|0x0000000708100000, 0x0000000708100000, 0x0000000708200000|  0%| F|  |TAMS 0x0000000708100000, 0x0000000708100000| Untracked 
| 114|0x0000000708200000, 0x0000000708200000, 0x0000000708300000|  0%| F|  |TAMS 0x0000000708200000, 0x0000000708200000| Untracked 
| 115|0x0000000708300000, 0x0000000708300000, 0x0000000708400000|  0%| F|  |TAMS 0x0000000708300000, 0x0000000708300000| Untracked 
| 116|0x0000000708400000, 0x0000000708400000, 0x0000000708500000|  0%| F|  |TAMS 0x0000000708400000, 0x0000000708400000| Untracked 
| 117|0x0000000708500000, 0x0000000708500000, 0x0000000708600000|  0%| F|  |TAMS 0x0000000708500000, 0x0000000708500000| Untracked 
| 118|0x0000000708600000, 0x0000000708600000, 0x0000000708700000|  0%| F|  |TAMS 0x0000000708600000, 0x0000000708600000| Untracked 
| 119|0x0000000708700000, 0x0000000708700000, 0x0000000708800000|  0%| F|  |TAMS 0x0000000708700000, 0x0000000708700000| Untracked 
| 120|0x0000000708800000, 0x0000000708800000, 0x0000000708900000|  0%| F|  |TAMS 0x0000000708800000, 0x0000000708800000| Untracked 
| 121|0x0000000708900000, 0x0000000708900000, 0x0000000708a00000|  0%| F|  |TAMS 0x0000000708900000, 0x0000000708900000| Untracked 
| 122|0x0000000708a00000, 0x0000000708a00000, 0x0000000708b00000|  0%| F|  |TAMS 0x0000000708a00000, 0x0000000708a00000| Untracked 
| 123|0x0000000708b00000, 0x0000000708b00000, 0x0000000708c00000|  0%| F|  |TAMS 0x0000000708b00000, 0x0000000708b00000| Untracked 
| 124|0x0000000708c00000, 0x0000000708c00000, 0x0000000708d00000|  0%| F|  |TAMS 0x0000000708c00000, 0x0000000708c00000| Untracked 
| 125|0x0000000708d00000, 0x0000000708d00000, 0x0000000708e00000|  0%| F|  |TAMS 0x0000000708d00000, 0x0000000708d00000| Untracked 
| 126|0x0000000708e00000, 0x0000000708e00000, 0x0000000708f00000|  0%| F|  |TAMS 0x0000000708e00000, 0x0000000708e00000| Untracked 
| 127|0x0000000708f00000, 0x0000000708f00000, 0x0000000709000000|  0%| F|  |TAMS 0x0000000708f00000, 0x0000000708f00000| Untracked 
| 128|0x0000000709000000, 0x0000000709000000, 0x0000000709100000|  0%| F|  |TAMS 0x0000000709000000, 0x0000000709000000| Untracked 
| 129|0x0000000709100000, 0x0000000709100000, 0x0000000709200000|  0%| F|  |TAMS 0x0000000709100000, 0x0000000709100000| Untracked 
| 130|0x0000000709200000, 0x0000000709200000, 0x0000000709300000|  0%| F|  |TAMS 0x0000000709200000, 0x0000000709200000| Untracked 
| 131|0x0000000709300000, 0x0000000709300000, 0x0000000709400000|  0%| F|  |TAMS 0x0000000709300000, 0x0000000709300000| Untracked 
| 132|0x0000000709400000, 0x0000000709400000, 0x0000000709500000|  0%| F|  |TAMS 0x0000000709400000, 0x0000000709400000| Untracked 
| 133|0x0000000709500000, 0x0000000709500000, 0x0000000709600000|  0%| F|  |TAMS 0x0000000709500000, 0x0000000709500000| Untracked 
| 134|0x0000000709600000, 0x0000000709600000, 0x0000000709700000|  0%| F|  |TAMS 0x0000000709600000, 0x0000000709600000| Untracked 
| 135|0x0000000709700000, 0x0000000709700000, 0x0000000709800000|  0%| F|  |TAMS 0x0000000709700000, 0x0000000709700000| Untracked 
| 136|0x0000000709800000, 0x0000000709800000, 0x0000000709900000|  0%| F|  |TAMS 0x0000000709800000, 0x0000000709800000| Untracked 
| 137|0x0000000709900000, 0x0000000709900000, 0x0000000709a00000|  0%| F|  |TAMS 0x0000000709900000, 0x0000000709900000| Untracked 
| 138|0x0000000709a00000, 0x0000000709a00000, 0x0000000709b00000|  0%| F|  |TAMS 0x0000000709a00000, 0x0000000709a00000| Untracked 
| 139|0x0000000709b00000, 0x0000000709b00000, 0x0000000709c00000|  0%| F|  |TAMS 0x0000000709b00000, 0x0000000709b00000| Untracked 
| 140|0x0000000709c00000, 0x0000000709c00000, 0x0000000709d00000|  0%| F|  |TAMS 0x0000000709c00000, 0x0000000709c00000| Untracked 
| 141|0x0000000709d00000, 0x0000000709d00000, 0x0000000709e00000|  0%| F|  |TAMS 0x0000000709d00000, 0x0000000709d00000| Untracked 
| 142|0x0000000709e00000, 0x0000000709e00000, 0x0000000709f00000|  0%| F|  |TAMS 0x0000000709e00000, 0x0000000709e00000| Untracked 
| 143|0x0000000709f00000, 0x0000000709f00000, 0x000000070a000000|  0%| F|  |TAMS 0x0000000709f00000, 0x0000000709f00000| Untracked 
| 144|0x000000070a000000, 0x000000070a000000, 0x000000070a100000|  0%| F|  |TAMS 0x000000070a000000, 0x000000070a000000| Untracked 
| 145|0x000000070a100000, 0x000000070a100000, 0x000000070a200000|  0%| F|  |TAMS 0x000000070a100000, 0x000000070a100000| Untracked 
| 146|0x000000070a200000, 0x000000070a200000, 0x000000070a300000|  0%| F|  |TAMS 0x000000070a200000, 0x000000070a200000| Untracked 
| 147|0x000000070a300000, 0x000000070a300000, 0x000000070a400000|  0%| F|  |TAMS 0x000000070a300000, 0x000000070a300000| Untracked 
| 148|0x000000070a400000, 0x000000070a400000, 0x000000070a500000|  0%| F|  |TAMS 0x000000070a400000, 0x000000070a400000| Untracked 
| 149|0x000000070a500000, 0x000000070a500000, 0x000000070a600000|  0%| F|  |TAMS 0x000000070a500000, 0x000000070a500000| Untracked 
| 150|0x000000070a600000, 0x000000070a600000, 0x000000070a700000|  0%| F|  |TAMS 0x000000070a600000, 0x000000070a600000| Untracked 
| 151|0x000000070a700000, 0x000000070a700000, 0x000000070a800000|  0%| F|  |TAMS 0x000000070a700000, 0x000000070a700000| Untracked 
| 152|0x000000070a800000, 0x000000070a800000, 0x000000070a900000|  0%| F|  |TAMS 0x000000070a800000, 0x000000070a800000| Untracked 
| 153|0x000000070a900000, 0x000000070a900000, 0x000000070aa00000|  0%| F|  |TAMS 0x000000070a900000, 0x000000070a900000| Untracked 
| 154|0x000000070aa00000, 0x000000070aa00000, 0x000000070ab00000|  0%| F|  |TAMS 0x000000070aa00000, 0x000000070aa00000| Untracked 
| 155|0x000000070ab00000, 0x000000070ab00000, 0x000000070ac00000|  0%| F|  |TAMS 0x000000070ab00000, 0x000000070ab00000| Untracked 
| 156|0x000000070ac00000, 0x000000070ac00000, 0x000000070ad00000|  0%| F|  |TAMS 0x000000070ac00000, 0x000000070ac00000| Untracked 
| 157|0x000000070ad00000, 0x000000070ad00000, 0x000000070ae00000|  0%| F|  |TAMS 0x000000070ad00000, 0x000000070ad00000| Untracked 
| 158|0x000000070ae00000, 0x000000070ae00000, 0x000000070af00000|  0%| F|  |TAMS 0x000000070ae00000, 0x000000070ae00000| Untracked 
| 159|0x000000070af00000, 0x000000070af80800, 0x000000070b000000| 50%| E|  |TAMS 0x000000070af00000, 0x000000070af00000| Complete 
| 160|0x000000070b000000, 0x000000070b100000, 0x000000070b100000|100%| E|CS|TAMS 0x000000070b000000, 0x000000070b000000| Complete 
| 161|0x000000070b100000, 0x000000070b200000, 0x000000070b200000|100%| E|CS|TAMS 0x000000070b100000, 0x000000070b100000| Complete 
| 162|0x000000070b200000, 0x000000070b300000, 0x000000070b300000|100%| E|CS|TAMS 0x000000070b200000, 0x000000070b200000| Complete 
| 163|0x000000070b300000, 0x000000070b400000, 0x000000070b400000|100%| E|CS|TAMS 0x000000070b300000, 0x000000070b300000| Complete 
| 164|0x000000070b400000, 0x000000070b500000, 0x000000070b500000|100%| E|CS|TAMS 0x000000070b400000, 0x000000070b400000| Complete 
| 165|0x000000070b500000, 0x000000070b600000, 0x000000070b600000|100%| E|CS|TAMS 0x000000070b500000, 0x000000070b500000| Complete 
| 166|0x000000070b600000, 0x000000070b700000, 0x000000070b700000|100%| E|CS|TAMS 0x000000070b600000, 0x000000070b600000| Complete 
| 167|0x000000070b700000, 0x000000070b800000, 0x000000070b800000|100%| E|CS|TAMS 0x000000070b700000, 0x000000070b700000| Complete 
| 168|0x000000070b800000, 0x000000070b900000, 0x000000070b900000|100%| E|CS|TAMS 0x000000070b800000, 0x000000070b800000| Complete 
| 169|0x000000070b900000, 0x000000070ba00000, 0x000000070ba00000|100%| E|CS|TAMS 0x000000070b900000, 0x000000070b900000| Complete 
| 170|0x000000070ba00000, 0x000000070bb00000, 0x000000070bb00000|100%| E|CS|TAMS 0x000000070ba00000, 0x000000070ba00000| Complete 
| 171|0x000000070bb00000, 0x000000070bc00000, 0x000000070bc00000|100%| E|CS|TAMS 0x000000070bb00000, 0x000000070bb00000| Complete 
| 172|0x000000070bc00000, 0x000000070bd00000, 0x000000070bd00000|100%| E|CS|TAMS 0x000000070bc00000, 0x000000070bc00000| Complete 
| 173|0x000000070bd00000, 0x000000070be00000, 0x000000070be00000|100%| E|CS|TAMS 0x000000070bd00000, 0x000000070bd00000| Complete 
| 174|0x000000070be00000, 0x000000070bf00000, 0x000000070bf00000|100%| E|CS|TAMS 0x000000070be00000, 0x000000070be00000| Complete 
| 175|0x000000070bf00000, 0x000000070c000000, 0x000000070c000000|100%| E|CS|TAMS 0x000000070bf00000, 0x000000070bf00000| Complete 
| 176|0x000000070c000000, 0x000000070c100000, 0x000000070c100000|100%| E|CS|TAMS 0x000000070c000000, 0x000000070c000000| Complete 
| 177|0x000000070c100000, 0x000000070c200000, 0x000000070c200000|100%| E|CS|TAMS 0x000000070c100000, 0x000000070c100000| Complete 
| 178|0x000000070c200000, 0x000000070c300000, 0x000000070c300000|100%| E|CS|TAMS 0x000000070c200000, 0x000000070c200000| Complete 
| 179|0x000000070c300000, 0x000000070c400000, 0x000000070c400000|100%| E|CS|TAMS 0x000000070c300000, 0x000000070c300000| Complete 
| 180|0x000000070c400000, 0x000000070c500000, 0x000000070c500000|100%| E|CS|TAMS 0x000000070c400000, 0x000000070c400000| Complete 
| 181|0x000000070c500000, 0x000000070c600000, 0x000000070c600000|100%| E|CS|TAMS 0x000000070c500000, 0x000000070c500000| Complete 
| 182|0x000000070c600000, 0x000000070c700000, 0x000000070c700000|100%| E|CS|TAMS 0x000000070c600000, 0x000000070c600000| Complete 
| 183|0x000000070c700000, 0x000000070c800000, 0x000000070c800000|100%| E|CS|TAMS 0x000000070c700000, 0x000000070c700000| Complete 
| 184|0x000000070c800000, 0x000000070c900000, 0x000000070c900000|100%| E|CS|TAMS 0x000000070c800000, 0x000000070c800000| Complete 
| 185|0x000000070c900000, 0x000000070ca00000, 0x000000070ca00000|100%| E|CS|TAMS 0x000000070c900000, 0x000000070c900000| Complete 
| 186|0x000000070ca00000, 0x000000070cb00000, 0x000000070cb00000|100%| E|CS|TAMS 0x000000070ca00000, 0x000000070ca00000| Complete 
| 187|0x000000070cb00000, 0x000000070cc00000, 0x000000070cc00000|100%| E|CS|TAMS 0x000000070cb00000, 0x000000070cb00000| Complete 
| 188|0x000000070cc00000, 0x000000070cd00000, 0x000000070cd00000|100%| E|CS|TAMS 0x000000070cc00000, 0x000000070cc00000| Complete 
| 189|0x000000070cd00000, 0x000000070ce00000, 0x000000070ce00000|100%| E|CS|TAMS 0x000000070cd00000, 0x000000070cd00000| Complete 
| 190|0x000000070ce00000, 0x000000070cf00000, 0x000000070cf00000|100%| E|CS|TAMS 0x000000070ce00000, 0x000000070ce00000| Complete 
| 191|0x000000070cf00000, 0x000000070d000000, 0x000000070d000000|100%| E|CS|TAMS 0x000000070cf00000, 0x000000070cf00000| Complete 
| 192|0x000000070d000000, 0x000000070d100000, 0x000000070d100000|100%| E|CS|TAMS 0x000000070d000000, 0x000000070d000000| Complete 
| 193|0x000000070d100000, 0x000000070d200000, 0x000000070d200000|100%| E|CS|TAMS 0x000000070d100000, 0x000000070d100000| Complete 
| 194|0x000000070d200000, 0x000000070d300000, 0x000000070d300000|100%| E|CS|TAMS 0x000000070d200000, 0x000000070d200000| Complete 
| 195|0x000000070d300000, 0x000000070d400000, 0x000000070d400000|100%| E|CS|TAMS 0x000000070d300000, 0x000000070d300000| Complete 
| 196|0x000000070d400000, 0x000000070d500000, 0x000000070d500000|100%| E|CS|TAMS 0x000000070d400000, 0x000000070d400000| Complete 
| 197|0x000000070d500000, 0x000000070d600000, 0x000000070d600000|100%| E|CS|TAMS 0x000000070d500000, 0x000000070d500000| Complete 
| 198|0x000000070d600000, 0x000000070d700000, 0x000000070d700000|100%| E|CS|TAMS 0x000000070d600000, 0x000000070d600000| Complete 
| 199|0x000000070d700000, 0x000000070d800000, 0x000000070d800000|100%| E|CS|TAMS 0x000000070d700000, 0x000000070d700000| Complete 
| 200|0x000000070d800000, 0x000000070d900000, 0x000000070d900000|100%| E|CS|TAMS 0x000000070d800000, 0x000000070d800000| Complete 
| 201|0x000000070d900000, 0x000000070da00000, 0x000000070da00000|100%| E|CS|TAMS 0x000000070d900000, 0x000000070d900000| Complete 
| 202|0x000000070da00000, 0x000000070db00000, 0x000000070db00000|100%| E|CS|TAMS 0x000000070da00000, 0x000000070da00000| Complete 
| 203|0x000000070db00000, 0x000000070dc00000, 0x000000070dc00000|100%| E|CS|TAMS 0x000000070db00000, 0x000000070db00000| Complete 
| 204|0x000000070dc00000, 0x000000070dd00000, 0x000000070dd00000|100%| E|CS|TAMS 0x000000070dc00000, 0x000000070dc00000| Complete 
| 205|0x000000070dd00000, 0x000000070de00000, 0x000000070de00000|100%| E|CS|TAMS 0x000000070dd00000, 0x000000070dd00000| Complete 
| 206|0x000000070de00000, 0x000000070df00000, 0x000000070df00000|100%| E|CS|TAMS 0x000000070de00000, 0x000000070de00000| Complete 
| 207|0x000000070df00000, 0x000000070e000000, 0x000000070e000000|100%| E|CS|TAMS 0x000000070df00000, 0x000000070df00000| Complete 
| 208|0x000000070e000000, 0x000000070e100000, 0x000000070e100000|100%| E|CS|TAMS 0x000000070e000000, 0x000000070e000000| Complete 
| 209|0x000000070e100000, 0x000000070e200000, 0x000000070e200000|100%| E|CS|TAMS 0x000000070e100000, 0x000000070e100000| Complete 
| 210|0x000000070e200000, 0x000000070e300000, 0x000000070e300000|100%| E|CS|TAMS 0x000000070e200000, 0x000000070e200000| Complete 
| 211|0x000000070e300000, 0x000000070e400000, 0x000000070e400000|100%| E|  |TAMS 0x000000070e300000, 0x000000070e300000| Complete 
| 212|0x000000070e400000, 0x000000070e500000, 0x000000070e500000|100%| E|CS|TAMS 0x000000070e400000, 0x000000070e400000| Complete 
| 213|0x000000070e500000, 0x000000070e600000, 0x000000070e600000|100%| E|CS|TAMS 0x000000070e500000, 0x000000070e500000| Complete 
| 214|0x000000070e600000, 0x000000070e700000, 0x000000070e700000|100%| E|CS|TAMS 0x000000070e600000, 0x000000070e600000| Complete 
| 215|0x000000070e700000, 0x000000070e800000, 0x000000070e800000|100%| E|CS|TAMS 0x000000070e700000, 0x000000070e700000| Complete 
| 216|0x000000070e800000, 0x000000070e900000, 0x000000070e900000|100%| E|CS|TAMS 0x000000070e800000, 0x000000070e800000| Complete 
| 217|0x000000070e900000, 0x000000070ea00000, 0x000000070ea00000|100%| E|CS|TAMS 0x000000070e900000, 0x000000070e900000| Complete 
| 218|0x000000070ea00000, 0x000000070eb00000, 0x000000070eb00000|100%| E|CS|TAMS 0x000000070ea00000, 0x000000070ea00000| Complete 
| 219|0x000000070eb00000, 0x000000070ec00000, 0x000000070ec00000|100%| E|CS|TAMS 0x000000070eb00000, 0x000000070eb00000| Complete 
| 220|0x000000070ec00000, 0x000000070ed00000, 0x000000070ed00000|100%| E|CS|TAMS 0x000000070ec00000, 0x000000070ec00000| Complete 
| 221|0x000000070ed00000, 0x000000070ee00000, 0x000000070ee00000|100%| E|CS|TAMS 0x000000070ed00000, 0x000000070ed00000| Complete 
| 222|0x000000070ee00000, 0x000000070ef00000, 0x000000070ef00000|100%| E|CS|TAMS 0x000000070ee00000, 0x000000070ee00000| Complete 
| 223|0x000000070ef00000, 0x000000070f000000, 0x000000070f000000|100%| E|CS|TAMS 0x000000070ef00000, 0x000000070ef00000| Complete 
| 224|0x000000070f000000, 0x000000070f100000, 0x000000070f100000|100%| E|CS|TAMS 0x000000070f000000, 0x000000070f000000| Complete 
| 225|0x000000070f100000, 0x000000070f200000, 0x000000070f200000|100%| E|CS|TAMS 0x000000070f100000, 0x000000070f100000| Complete 
| 226|0x000000070f200000, 0x000000070f300000, 0x000000070f300000|100%| E|CS|TAMS 0x000000070f200000, 0x000000070f200000| Complete 
| 227|0x000000070f300000, 0x000000070f400000, 0x000000070f400000|100%| E|CS|TAMS 0x000000070f300000, 0x000000070f300000| Complete 
| 228|0x000000070f400000, 0x000000070f500000, 0x000000070f500000|100%| E|CS|TAMS 0x000000070f400000, 0x000000070f400000| Complete 
| 229|0x000000070f500000, 0x000000070f5b83e0, 0x000000070f600000| 71%| S|CS|TAMS 0x000000070f500000, 0x000000070f500000| Complete 
| 230|0x000000070f600000, 0x000000070f700000, 0x000000070f700000|100%| S|CS|TAMS 0x000000070f600000, 0x000000070f600000| Complete 
| 231|0x000000070f700000, 0x000000070f800000, 0x000000070f800000|100%| S|CS|TAMS 0x000000070f700000, 0x000000070f700000| Complete 
| 232|0x000000070f800000, 0x000000070f900000, 0x000000070f900000|100%| E|CS|TAMS 0x000000070f800000, 0x000000070f800000| Complete 
| 233|0x000000070f900000, 0x000000070fa00000, 0x000000070fa00000|100%| E|CS|TAMS 0x000000070f900000, 0x000000070f900000| Complete 
| 234|0x000000070fa00000, 0x000000070fb00000, 0x000000070fb00000|100%| E|CS|TAMS 0x000000070fa00000, 0x000000070fa00000| Complete 
| 235|0x000000070fb00000, 0x000000070fc00000, 0x000000070fc00000|100%| E|CS|TAMS 0x000000070fb00000, 0x000000070fb00000| Complete 
| 236|0x000000070fc00000, 0x000000070fd00000, 0x000000070fd00000|100%| E|CS|TAMS 0x000000070fc00000, 0x000000070fc00000| Complete 
| 237|0x000000070fd00000, 0x000000070fe00000, 0x000000070fe00000|100%| E|CS|TAMS 0x000000070fd00000, 0x000000070fd00000| Complete 
| 238|0x000000070fe00000, 0x000000070ff00000, 0x000000070ff00000|100%| E|CS|TAMS 0x000000070fe00000, 0x000000070fe00000| Complete 
| 239|0x000000070ff00000, 0x0000000710000000, 0x0000000710000000|100%| E|CS|TAMS 0x000000070ff00000, 0x000000070ff00000| Complete 
| 240|0x0000000710000000, 0x0000000710100000, 0x0000000710100000|100%| E|CS|TAMS 0x0000000710000000, 0x0000000710000000| Complete 
| 241|0x0000000710100000, 0x0000000710200000, 0x0000000710200000|100%| E|CS|TAMS 0x0000000710100000, 0x0000000710100000| Complete 
| 242|0x0000000710200000, 0x0000000710300000, 0x0000000710300000|100%| E|CS|TAMS 0x0000000710200000, 0x0000000710200000| Complete 
| 243|0x0000000710300000, 0x0000000710400000, 0x0000000710400000|100%| E|CS|TAMS 0x0000000710300000, 0x0000000710300000| Complete 
| 244|0x0000000710400000, 0x0000000710500000, 0x0000000710500000|100%| E|CS|TAMS 0x0000000710400000, 0x0000000710400000| Complete 
| 245|0x0000000710500000, 0x0000000710600000, 0x0000000710600000|100%| E|CS|TAMS 0x0000000710500000, 0x0000000710500000| Complete 
| 246|0x0000000710600000, 0x0000000710700000, 0x0000000710700000|100%| E|CS|TAMS 0x0000000710600000, 0x0000000710600000| Complete 
| 247|0x0000000710700000, 0x0000000710800000, 0x0000000710800000|100%| E|CS|TAMS 0x0000000710700000, 0x0000000710700000| Complete 
| 248|0x0000000710800000, 0x0000000710900000, 0x0000000710900000|100%| E|CS|TAMS 0x0000000710800000, 0x0000000710800000| Complete 
| 249|0x0000000710900000, 0x0000000710a00000, 0x0000000710a00000|100%| E|CS|TAMS 0x0000000710900000, 0x0000000710900000| Complete 
| 250|0x0000000710a00000, 0x0000000710b00000, 0x0000000710b00000|100%| E|CS|TAMS 0x0000000710a00000, 0x0000000710a00000| Complete 
| 251|0x0000000710b00000, 0x0000000710c00000, 0x0000000710c00000|100%| E|CS|TAMS 0x0000000710b00000, 0x0000000710b00000| Complete 
| 252|0x0000000710c00000, 0x0000000710d00000, 0x0000000710d00000|100%| E|CS|TAMS 0x0000000710c00000, 0x0000000710c00000| Complete 
| 253|0x0000000710d00000, 0x0000000710e00000, 0x0000000710e00000|100%| E|CS|TAMS 0x0000000710d00000, 0x0000000710d00000| Complete 
| 254|0x0000000710e00000, 0x0000000710f00000, 0x0000000710f00000|100%| E|CS|TAMS 0x0000000710e00000, 0x0000000710e00000| Complete 
| 255|0x0000000710f00000, 0x0000000711000000, 0x0000000711000000|100%| E|CS|TAMS 0x0000000710f00000, 0x0000000710f00000| Complete 

Card table byte_map: [0x000001f07e200000,0x000001f07ea00000] _byte_map_base: 0x000001f07a9f8000

Marking Bits (Prev, Next): (CMBitMap*) 0x000001f0746afea8, (CMBitMap*) 0x000001f0746afee0
 Prev Bits: [0x000001f00f000000, 0x000001f012fc0000)
 Next Bits: [0x000001f012fc0000, 0x000001f016f80000)

Polling page: 0x000001f072cc0000

Metaspace:

Usage:
  Non-class:     15.96 MB capacity,    15.71 MB ( 98%) used,   222.38 KB (  1%) free+waste,    28.69 KB ( <1%) overhead. 
      Class:      1.27 MB capacity,     1.15 MB ( 91%) used,   104.08 KB (  8%) free+waste,    12.00 KB ( <1%) overhead. 
       Both:     17.23 MB capacity,    16.87 MB ( 98%) used,   326.46 KB (  2%) free+waste,    40.69 KB ( <1%) overhead. 

Virtual space:
  Non-class space:       16.00 MB reserved,      16.00 MB (100%) committed 
      Class space:        1.00 GB reserved,       1.38 MB ( <1%) committed 
             Both:        1.02 GB reserved,      17.38 MB (  2%) committed 

Chunk freelists:
   Non-Class:  43.00 KB
       Class:  0 bytes
        Both:  43.00 KB

MaxMetaspaceSize: 17179869184.00 GB
CompressedClassSpaceSize: 1.00 GB
Initial GC threshold: 20.80 MB
Current GC threshold: 20.80 MB
CDS: off

CodeHeap 'non-profiled nmethods': size=120000Kb used=750Kb max_used=750Kb free=119250Kb
 bounds [0x000001f007ad0000, 0x000001f007d40000, 0x000001f00f000000]
CodeHeap 'profiled nmethods': size=120000Kb used=2807Kb max_used=2807Kb free=117192Kb
 bounds [0x000001f0005a0000, 0x000001f000860000, 0x000001f007ad0000]
CodeHeap 'non-nmethods': size=5760Kb used=1799Kb max_used=1822Kb free=3960Kb
 bounds [0x000001f000000000, 0x000001f000270000, 0x000001f0005a0000]
 total_blobs=2847 nmethods=1585 adapters=1175
 compilation: enabled
              stopped_count=0, restarted_count=0
 full_count=0

Compilation events (20 events):
Event: 14.032 Thread 0x000001f019877000 1578       4       imgui.ImDrawData::getCmdListVtxBufferData (73 bytes)
Event: 14.035 Thread 0x000001f019877000 nmethod 1578 0x000001f007b81190 code [0x000001f007b813a0, 0x000001f007b81770]
Event: 15.218 Thread 0x000001f019877000 1579       4       imgui.gl3.ImGuiImplGl3::renderDrawData (403 bytes)
Event: 15.267 Thread 0x000001f019877000 nmethod 1579 0x000001f007b81b90 code [0x000001f007b82300, 0x000001f007b84e30]
Event: 15.298 Thread 0x000001f019877000 1580       4       java.util.HashMap$HashIterator::nextNode (100 bytes)
Event: 15.302 Thread 0x000001f019877000 nmethod 1580 0x000001f007b88090 code [0x000001f007b88220, 0x000001f007b88618]
Event: 15.379 Thread 0x000001f019877000 1581       4       java.util.ArrayList::newCapacity (65 bytes)
Event: 15.379 Thread 0x000001f019877000 nmethod 1581 0x000001f007b88790 code [0x000001f007b88920, 0x000001f007b889f8]
Event: 17.138 Thread 0x000001f019877000 1582       4       java.util.HashMap$KeyIterator::next (8 bytes)
Event: 17.143 Thread 0x000001f019877000 nmethod 1582 0x000001f007b88b10 code [0x000001f007b88ca0, 0x000001f007b89098]
Event: 17.152 Thread 0x000001f019877000 1583       4       java.util.HashMap::clear (50 bytes)
Event: 17.156 Thread 0x000001f019877000 nmethod 1583 0x000001f007b89210 code [0x000001f007b893a0, 0x000001f007b89638]
Event: 19.046 Thread 0x000001f019877000 1584       4       core.objects.GameObject::addPosition (13 bytes)
Event: 19.047 Thread 0x000001f019877000 nmethod 1584 0x000001f007b89790 code [0x000001f007b89920, 0x000001f007b89ab8]
Event: 19.873 Thread 0x000001f019877000 1585       4       core.objects.entities.Entity::updateTransformationMatrix (37 bytes)
Event: 19.874 Thread 0x000001f019877000 nmethod 1585 0x000001f007b89c10 code [0x000001f007b89dc0, 0x000001f007b89f48]
Event: 19.886 Thread 0x000001f019877000 1586       4       core.objects.entities.Entity::updateAABB (8 bytes)
Event: 19.887 Thread 0x000001f019877000 nmethod 1586 0x000001f007b8a090 code [0x000001f007b8a240, 0x000001f007b8a2e8]
Event: 19.887 Thread 0x000001f019877000 1587       4       core.renderers.MasterRenderer::processEntity (66 bytes)
Event: 19.898 Thread 0x000001f019877000 nmethod 1587 0x000001f007b8a390 code [0x000001f007b8a5a0, 0x000001f007b8b148]

GC Heap History (2 events):
Event: 1.489 GC heap before
{Heap before GC invocations=0 (full 0):
 garbage-first heap   total 262144K, used 23552K [0x0000000701000000, 0x0000000800000000)
  region size 1024K, 24 young (24576K), 0 survivors (0K)
 Metaspace       used 15904K, capacity 16145K, committed 16384K, reserved 1064960K
  class space    used 1073K, capacity 1156K, committed 1280K, reserved 1048576K
}
Event: 1.492 GC heap after
{Heap after GC invocations=1 (full 0):
 garbage-first heap   total 262144K, used 2784K [0x0000000701000000, 0x0000000800000000)
  region size 1024K, 3 young (3072K), 3 survivors (3072K)
 Metaspace       used 15904K, capacity 16145K, committed 16384K, reserved 1064960K
  class space    used 1073K, capacity 1156K, committed 1280K, reserved 1048576K
}

Deoptimization events (20 events):
Event: 1.614 Thread 0x000001f07464b800 Uncommon trap: trap_request=0xffffffcc fr.pc=0x000001f007b2e860 relative=0x00000000000019e0
Event: 1.614 Thread 0x000001f07464b800 Uncommon trap: reason=intrinsic_or_type_checked_inlining action=make_not_entrant pc=0x000001f007b2e860 method=java.util.ArrayList$SubList.toArray([Ljava/lang/Object;)[Ljava/lang/Object; @ 58 c2
Event: 1.614 Thread 0x000001f07464b800 DEOPT PACKING pc=0x000001f007b2e860 sp=0x0000009bce8fede0
Event: 1.614 Thread 0x000001f07464b800 DEOPT UNPACKING pc=0x000001f00004a1af sp=0x0000009bce8fece0 mode 2
Event: 1.783 Thread 0x000001f07464b800 Uncommon trap: trap_request=0xffffff4d fr.pc=0x000001f007b1a744 relative=0x00000000000000a4
Event: 1.783 Thread 0x000001f07464b800 Uncommon trap: reason=unstable_if action=reinterpret pc=0x000001f007b1a744 method=java.lang.CharacterDataLatin1.digit(II)I @ 12 c2
Event: 1.783 Thread 0x000001f07464b800 DEOPT PACKING pc=0x000001f007b1a744 sp=0x0000009bce8fb1d0
Event: 1.783 Thread 0x000001f07464b800 DEOPT UNPACKING pc=0x000001f00004a1af sp=0x0000009bce8fb148 mode 2
Event: 1.788 Thread 0x000001f07464b800 Uncommon trap: trap_request=0xffffffcc fr.pc=0x000001f007b28428 relative=0x00000000000001e8
Event: 1.788 Thread 0x000001f07464b800 Uncommon trap: reason=intrinsic_or_type_checked_inlining action=make_not_entrant pc=0x000001f007b28428 method=java.util.Arrays.copyOf([Ljava/lang/Object;ILjava/lang/Class;)[Ljava/lang/Object; @ 35 c2
Event: 1.788 Thread 0x000001f07464b800 DEOPT PACKING pc=0x000001f007b28428 sp=0x0000009bce8fb040
Event: 1.788 Thread 0x000001f07464b800 DEOPT UNPACKING pc=0x000001f00004a1af sp=0x0000009bce8fafe8 mode 2
Event: 1.795 Thread 0x000001f07464b800 Uncommon trap: trap_request=0xffffff4d fr.pc=0x000001f007b23ec4 relative=0x00000000000000a4
Event: 1.795 Thread 0x000001f07464b800 Uncommon trap: reason=unstable_if action=reinterpret pc=0x000001f007b23ec4 method=java.util.ArrayList.newCapacity(I)I @ 25 c2
Event: 1.795 Thread 0x000001f07464b800 DEOPT PACKING pc=0x000001f007b23ec4 sp=0x0000009bce8fb010
Event: 1.795 Thread 0x000001f07464b800 DEOPT UNPACKING pc=0x000001f00004a1af sp=0x0000009bce8faf98 mode 2
Event: 1.986 Thread 0x000001f07464b800 DEOPT PACKING pc=0x000001f0007fca30 sp=0x0000009bce8fefd0
Event: 1.986 Thread 0x000001f07464b800 DEOPT UNPACKING pc=0x000001f00004a95e sp=0x0000009bce8fe498 mode 0
Event: 1.986 Thread 0x000001f07464b800 DEOPT PACKING pc=0x000001f0007fca30 sp=0x0000009bce8fefd0
Event: 1.986 Thread 0x000001f07464b800 DEOPT UNPACKING pc=0x000001f00004a95e sp=0x0000009bce8fe498 mode 0

Classes redefined (0 events):
No events

Internal exceptions (20 events):
Event: 0.274 Thread 0x000001f07464b800 Exception <a 'sun/nio/fs/WindowsException'{0x000000071092c480}> (0x000000071092c480) thrown at [./src/hotspot/share/prims/jni.cpp, line 616]
Event: 0.981 Thread 0x000001f07464b800 Exception <a 'sun/nio/fs/WindowsException'{0x00000007109ab7e8}> (0x00000007109ab7e8) thrown at [./src/hotspot/share/prims/jni.cpp, line 616]
Event: 0.981 Thread 0x000001f07464b800 Exception <a 'sun/nio/fs/WindowsException'{0x00000007109abad8}> (0x00000007109abad8) thrown at [./src/hotspot/share/prims/jni.cpp, line 616]
Event: 1.024 Thread 0x000001f07464b800 Exception <a 'sun/nio/fs/WindowsException'{0x00000007109f7cc8}> (0x00000007109f7cc8) thrown at [./src/hotspot/share/prims/jni.cpp, line 616]
Event: 1.024 Thread 0x000001f07464b800 Exception <a 'sun/nio/fs/WindowsException'{0x00000007109f8088}> (0x00000007109f8088) thrown at [./src/hotspot/share/prims/jni.cpp, line 616]
Event: 1.028 Thread 0x000001f07464b800 Exception <a 'sun/nio/fs/WindowsException'{0x000000071080f908}> (0x000000071080f908) thrown at [./src/hotspot/share/prims/jni.cpp, line 616]
Event: 1.028 Thread 0x000001f07464b800 Exception <a 'sun/nio/fs/WindowsException'{0x000000071080fc08}> (0x000000071080fc08) thrown at [./src/hotspot/share/prims/jni.cpp, line 616]
Event: 1.236 Thread 0x000001f07464b800 Exception <a 'sun/nio/fs/WindowsException'{0x000000070febe200}> (0x000000070febe200) thrown at [./src/hotspot/share/prims/jni.cpp, line 616]
Event: 1.400 Thread 0x000001f07464b800 Exception <a 'sun/nio/fs/WindowsException'{0x000000070fa95c70}> (0x000000070fa95c70) thrown at [./src/hotspot/share/prims/jni.cpp, line 616]
Event: 1.400 Thread 0x000001f07464b800 Exception <a 'sun/nio/fs/WindowsException'{0x000000070fa96010}> (0x000000070fa96010) thrown at [./src/hotspot/share/prims/jni.cpp, line 616]
Event: 1.782 Thread 0x000001f07464b800 Exception <a 'java/lang/ClassNotFoundException'{0x000000070b7b1fc0}: sun/awt/resources/spi/awtProvider> (0x000000070b7b1fc0) thrown at [./src/hotspot/share/classfile/systemDictionary.cpp, line 231]
Event: 1.796 Thread 0x000001f07464b800 Exception <a 'java/io/FileNotFoundException'{0x000000070b623a28}> (0x000000070b623a28) thrown at [./src/hotspot/share/prims/jni.cpp, line 616]
Event: 1.802 Thread 0x000001f07464b800 Exception <a 'java/lang/NoSuchMethodError'{0x000000070b67e6c0}: 'java.lang.Object java.lang.invoke.DirectMethodHandle$Holder.invokeStatic(java.lang.Object, java.lang.Object, java.lang.Object, java.lang.Object, java.lang.Object, java.lang.Object, java.lang.Object, java.lang.Object, java.lang.Object, java.lang.Object, java.lang.Object, java.lang.Object, java.lang.Object, java.lang.Object, java.lang.Object)'> (0x000000070b67e6c0) thrown at [./src/hotspot/share/interpreter/linkResolver.cpp, line 773]
Event: 1.803 Thread 0x000001f07464b800 Exception <a 'java/lang/NoSuchMethodError'{0x000000070b68c4d8}: 'java.lang.Object java.lang.invoke.DirectMethodHandle$Holder.invokeStatic(java.lang.Object, java.lang.Object, java.lang.Object, java.lang.Object, java.lang.Object, java.lang.Object, java.lang.Object, java.lang.Object, java.lang.Object, java.lang.Object, java.lang.Object, java.lang.Object, java.lang.Object, java.lang.Object, java.lang.Object, java.lang.Object)'> (0x000000070b68c4d8) thrown at [./src/hotspot/share/interpreter/linkResolver.cpp, l
Event: 1.804 Thread 0x000001f07464b800 Exception <a 'java/lang/NoSuchMethodError'{0x000000070b69a148}: 'java.lang.Object java.lang.invoke.DirectMethodHandle$Holder.invokeSpecial(java.lang.Object, java.lang.Object, int, int, java.lang.Object, java.lang.Object, java.lang.Object)'> (0x000000070b69a148) thrown at [./src/hotspot/share/interpreter/linkResolver.cpp, line 773]
Event: 1.804 Thread 0x000001f07464b800 Exception <a 'java/lang/NoSuchMethodError'{0x000000070b69d6d8}: 'java.lang.Object java.lang.invoke.DelegatingMethodHandle$Holder.reinvoke_L(java.lang.Object, int, int, java.lang.Object, java.lang.Object, java.lang.Object)'> (0x000000070b69d6d8) thrown at [./src/hotspot/share/interpreter/linkResolver.cpp, line 773]
Event: 1.804 Thread 0x000001f07464b800 Exception <a 'java/lang/NoSuchMethodError'{0x000000070b6a1960}: 'java.lang.Object java.lang.invoke.DirectMethodHandle$Holder.invokeStatic(java.lang.Object, java.lang.Object, java.lang.Object, java.lang.Object, int)'> (0x000000070b6a1960) thrown at [./src/hotspot/share/interpreter/linkResolver.cpp, line 773]
Event: 1.810 Thread 0x000001f07464b800 Exception <a 'java/io/FileNotFoundException'{0x000000070b504468}> (0x000000070b504468) thrown at [./src/hotspot/share/prims/jni.cpp, line 616]
Event: 1.812 Thread 0x000001f07464b800 Exception <a 'java/lang/NoSuchMethodError'{0x000000070b50b4a8}: 'void java.lang.invoke.DirectMethodHandle$Holder.invokeSpecial(java.lang.Object, java.lang.Object)'> (0x000000070b50b4a8) thrown at [./src/hotspot/share/interpreter/linkResolver.cpp, line 773]
Event: 1.828 Thread 0x000001f07464b800 Exception <a 'java/lang/NoSuchMethodError'{0x000000070b5852f8}: 'java.lang.Object java.lang.invoke.Invokers$Holder.linkToTargetMethod(java.lang.Object, int, java.lang.Object)'> (0x000000070b5852f8) thrown at [./src/hotspot/share/interpreter/linkResolver.cpp, line 773]

Events (20 events):
Event: 5.269 Loaded shared library C:\Users\Mohamed\AppData\Local\Temp\lwjglMohamed\3.2.3-build-13\lwjgl_opengl.dll
Event: 5.281 Loaded shared library C:\Users\Mohamed\AppData\Local\Temp\lwjglMohamed\3.2.3-build-13\lwjgl.dll
Event: 5.322 Loaded shared library C:\Users\Mohamed\AppData\Local\Temp\lwjglMohamed\3.2.3-build-13\lwjgl.dll
Event: 5.347 Loaded shared library C:\Users\Mohamed\AppData\Local\Temp\lwjglMohamed\3.2.3-build-13\lwjgl.dll
Event: 7.041 Loaded shared library C:\Users\Mohamed\AppData\Local\Temp\lwjglMohamed\3.2.3-build-13\lwjgl.dll
Event: 7.055 Loaded shared library C:\Users\Mohamed\AppData\Local\Temp\lwjglMohamed\3.2.3-build-13\lwjgl.dll
Event: 7.057 Loaded shared library C:\Users\Mohamed\AppData\Local\Temp\imgui-java-natives_1645043058774\imgui-java64.dll
Event: 7.059 Loaded shared library C:\Users\Mohamed\AppData\Local\Temp\imgui-java-natives_1645043058774\imgui-java64.dll
Event: 7.062 Loaded shared library C:\Users\Mohamed\AppData\Local\Temp\imgui-java-natives_1645043058774\imgui-java64.dll
Event: 7.064 Loaded shared library C:\Users\Mohamed\AppData\Local\Temp\imgui-java-natives_1645043058774\imgui-java64.dll
Event: 7.066 Loaded shared library C:\Users\Mohamed\AppData\Local\Temp\imgui-java-natives_1645043058774\imgui-java64.dll
Event: 7.068 Loaded shared library C:\Users\Mohamed\AppData\Local\Temp\imgui-java-natives_1645043058774\imgui-java64.dll
Event: 7.070 Loaded shared library C:\Users\Mohamed\AppData\Local\Temp\imgui-java-natives_1645043058774\imgui-java64.dll
Event: 7.072 Loaded shared library C:\Users\Mohamed\AppData\Local\Temp\lwjglMohamed\3.2.3-build-13\lwjgl_opengl.dll
Event: 7.074 Loaded shared library C:\Users\Mohamed\AppData\Local\Temp\lwjglMohamed\3.2.3-build-13\lwjgl_opengl.dll
Event: 7.075 Loaded shared library C:\Users\Mohamed\AppData\Local\Temp\lwjglMohamed\3.2.3-build-13\lwjgl.dll
Event: 7.077 Loaded shared library C:\Users\Mohamed\AppData\Local\Temp\lwjglMohamed\3.2.3-build-13\lwjgl_opengl.dll
Event: 7.079 Loaded shared library C:\Users\Mohamed\AppData\Local\Temp\lwjglMohamed\3.2.3-build-13\lwjgl_opengl.dll
Event: 7.083 Loaded shared library C:\Users\Mohamed\AppData\Local\Temp\lwjglMohamed\3.2.3-build-13\lwjgl_opengl.dll
Event: 8.790 Loaded shared library C:\Users\Mohamed\AppData\Local\Temp\lwjglMohamed\3.2.3-build-13\lwjgl_opengl.dll


Dynamic libraries:
0x00007ff6e4bc0000 - 0x00007ff6e4bcd000 	C:\Users\Mohamed\.jdks\temurin-11.0.13\bin\java.exe
0x00007ffc78050000 - 0x00007ffc78245000 	C:\Windows\SYSTEM32\ntdll.dll
0x00007ffc77ef0000 - 0x00007ffc77fae000 	C:\Windows\System32\KERNEL32.DLL
0x00007ffc75d10000 - 0x00007ffc75fd8000 	C:\Windows\System32\KERNELBASE.dll
0x00007ffc75910000 - 0x00007ffc75a10000 	C:\Windows\System32\ucrtbase.dll
0x00007ffc72aa0000 - 0x00007ffc72ab7000 	C:\Users\Mohamed\.jdks\temurin-11.0.13\bin\jli.dll
0x00007ffc6c680000 - 0x00007ffc6c695000 	C:\Users\Mohamed\.jdks\temurin-11.0.13\bin\VCRUNTIME140.dll
0x00007ffc77970000 - 0x00007ffc77b11000 	C:\Windows\System32\USER32.dll
0x00007ffc63e40000 - 0x00007ffc640da000 	C:\Windows\WinSxS\amd64_microsoft.windows.common-controls_6595b64144ccf1df_6.0.19041.1110_none_60b5254171f9507e\COMCTL32.dll
0x00007ffc75a40000 - 0x00007ffc75a62000 	C:\Windows\System32\win32u.dll
0x00007ffc771c0000 - 0x00007ffc7725e000 	C:\Windows\System32\msvcrt.dll
0x00007ffc77bd0000 - 0x00007ffc77bfb000 	C:\Windows\System32\GDI32.dll
0x00007ffc75c00000 - 0x00007ffc75d0d000 	C:\Windows\System32\gdi32full.dll
0x00007ffc75ad0000 - 0x00007ffc75b6d000 	C:\Windows\System32\msvcp_win.dll
0x00007ffc77270000 - 0x00007ffc772a0000 	C:\Windows\System32\IMM32.DLL
0x00007ffc65b20000 - 0x00007ffc65bbb000 	C:\Users\Mohamed\.jdks\temurin-11.0.13\bin\msvcp140.dll
0x00007ffc04e60000 - 0x00007ffc059de000 	C:\Users\Mohamed\.jdks\temurin-11.0.13\bin\server\jvm.dll
0x00007ffc77850000 - 0x00007ffc778fe000 	C:\Windows\System32\ADVAPI32.dll
0x00007ffc767e0000 - 0x00007ffc7687c000 	C:\Windows\System32\sechost.dll
0x00007ffc77d40000 - 0x00007ffc77e65000 	C:\Windows\System32\RPCRT4.dll
0x00007ffc77420000 - 0x00007ffc77428000 	C:\Windows\System32\PSAPI.DLL
0x00007ffc6c5e0000 - 0x00007ffc6c607000 	C:\Windows\SYSTEM32\WINMM.dll
0x00007ffc72bb0000 - 0x00007ffc72bb9000 	C:\Windows\SYSTEM32\WSOCK32.dll
0x00007ffc6e720000 - 0x00007ffc6e72a000 	C:\Windows\SYSTEM32\VERSION.dll
0x00007ffc773b0000 - 0x00007ffc7741b000 	C:\Windows\System32\WS2_32.dll
0x00007ffc74000000 - 0x00007ffc74012000 	C:\Windows\SYSTEM32\kernel.appcore.dll
0x00007ffc6c740000 - 0x00007ffc6c750000 	C:\Users\Mohamed\.jdks\temurin-11.0.13\bin\verify.dll
0x00007ffc73390000 - 0x00007ffc73574000 	C:\Windows\SYSTEM32\DBGHELP.DLL
0x00007ffc5d0a0000 - 0x00007ffc5d0cc000 	C:\Windows\SYSTEM32\dbgcore.DLL
0x00007ffc75b70000 - 0x00007ffc75bf2000 	C:\Windows\System32\bcryptPrimitives.dll
0x00007ffc6b790000 - 0x00007ffc6b7b8000 	C:\Users\Mohamed\.jdks\temurin-11.0.13\bin\java.dll
0x00007ffc6c670000 - 0x00007ffc6c67a000 	C:\Users\Mohamed\.jdks\temurin-11.0.13\bin\jimage.dll
0x00007ffc6b6a0000 - 0x00007ffc6b6ae000 	C:\Users\Mohamed\.jdks\temurin-11.0.13\bin\instrument.dll
0x00007ffc6b6b0000 - 0x00007ffc6b6c7000 	C:\Users\Mohamed\.jdks\temurin-11.0.13\bin\zip.dll
0x00007ffc76090000 - 0x00007ffc767d4000 	C:\Windows\System32\SHELL32.dll
0x00007ffc73850000 - 0x00007ffc73fe5000 	C:\Windows\SYSTEM32\windows.storage.dll
0x00007ffc76e60000 - 0x00007ffc771b5000 	C:\Windows\System32\combase.dll
0x00007ffc751b0000 - 0x00007ffc751de000 	C:\Windows\SYSTEM32\Wldp.dll
0x00007ffc77b20000 - 0x00007ffc77bcd000 	C:\Windows\System32\SHCORE.dll
0x00007ffc77900000 - 0x00007ffc77955000 	C:\Windows\System32\shlwapi.dll
0x00007ffc756a0000 - 0x00007ffc756bf000 	C:\Windows\SYSTEM32\profapi.dll
0x00007ffc6b680000 - 0x00007ffc6b699000 	C:\Users\Mohamed\.jdks\temurin-11.0.13\bin\net.dll
0x00007ffc6dc40000 - 0x00007ffc6dd4c000 	C:\Windows\SYSTEM32\WINHTTP.dll
0x00007ffc74f10000 - 0x00007ffc74f7a000 	C:\Windows\system32\mswsock.dll
0x00007ffc6afa0000 - 0x00007ffc6afb2000 	C:\Users\Mohamed\.jdks\temurin-11.0.13\bin\nio.dll
0x00007ffc622a0000 - 0x00007ffc622ba000 	C:\Program Files\JetBrains\IntelliJ IDEA 2021.2.3\bin\breakgen64.dll
0x00007ffc51170000 - 0x00007ffc511d4000 	C:\Users\Mohamed\AppData\Local\Temp\lwjglMohamed\3.2.3-build-13\lwjgl.dll
0x00007ffc507e0000 - 0x00007ffc50842000 	C:\Users\Mohamed\AppData\Local\Temp\lwjglMohamed\3.2.3-build-13\glfw.dll
0x00007ffc72cc0000 - 0x00007ffc72d5e000 	C:\Windows\system32\uxtheme.dll
0x00007ffc62250000 - 0x00007ffc62295000 	C:\Windows\SYSTEM32\dinput8.dll
0x00007ffc609b0000 - 0x00007ffc609c1000 	C:\Windows\SYSTEM32\xinput1_4.dll
0x00007ffc75760000 - 0x00007ffc757ae000 	C:\Windows\System32\cfgmgr32.dll
0x00007ffc75500000 - 0x00007ffc75534000 	C:\Windows\SYSTEM32\DEVOBJ.dll
0x00007ffc72f50000 - 0x00007ffc72f7f000 	C:\Windows\SYSTEM32\dwmapi.dll
0x00007ffc6c960000 - 0x00007ffc6cab2000 	C:\Windows\SYSTEM32\inputhost.dll
0x00007ffc76d90000 - 0x00007ffc76e5d000 	C:\Windows\System32\OLEAUT32.dll
0x00007ffc72650000 - 0x00007ffc72742000 	C:\Windows\SYSTEM32\CoreMessaging.dll
0x00007ffc70940000 - 0x00007ffc70a36000 	C:\Windows\SYSTEM32\PROPSYS.dll
0x00007ffc71ad0000 - 0x00007ffc71c24000 	C:\Windows\SYSTEM32\wintypes.dll
0x00007ffc722f0000 - 0x00007ffc7264e000 	C:\Windows\SYSTEM32\CoreUIComponents.dll
0x00007ffc74450000 - 0x00007ffc74483000 	C:\Windows\SYSTEM32\ntmarta.dll
0x00007ffc77c00000 - 0x00007ffc77d15000 	C:\Windows\System32\MSCTF.dll
0x00007ffc73ff0000 - 0x00007ffc73ffd000 	C:\Windows\SYSTEM32\HID.DLL
0x00007ffc76880000 - 0x00007ffc76cf2000 	C:\Windows\System32\SETUPAPI.DLL
0x00007ffc75a10000 - 0x00007ffc75a37000 	C:\Windows\System32\bcrypt.dll
0x00007ffc75a70000 - 0x00007ffc75ad0000 	C:\Windows\System32\WINTRUST.dll
0x00007ffc757b0000 - 0x00007ffc75906000 	C:\Windows\System32\CRYPT32.dll
0x00007ffc75340000 - 0x00007ffc75352000 	C:\Windows\SYSTEM32\MSASN1.dll
0x00007ffc2c540000 - 0x00007ffc2c665000 	C:\Windows\SYSTEM32\opengl32.dll
0x00007ffc48f40000 - 0x00007ffc48f6c000 	C:\Windows\SYSTEM32\GLU32.dll
0x00007ffc77300000 - 0x00007ffc773a9000 	C:\Windows\System32\clbcatq.dll
0x00007ffbef4d0000 - 0x00007ffbf248f000 	C:\Windows\System32\DriverStore\FileRepository\nv_dispi.inf_amd64_642e50d7b66aa2a4\nvoglv64.dll
0x00007ffc77490000 - 0x00007ffc775ba000 	C:\Windows\System32\ole32.dll
0x00007ffc70b70000 - 0x00007ffc70b84000 	C:\Windows\SYSTEM32\WTSAPI32.dll
0x00007ffc75120000 - 0x00007ffc7512c000 	C:\Windows\SYSTEM32\CRYPTBASE.DLL
0x00007ffc6e650000 - 0x00007ffc6e681000 	C:\Windows\SYSTEM32\cryptnet.dll
0x00007ffc6e840000 - 0x00007ffc6e98a000 	C:\Windows\SYSTEM32\drvstore.dll
0x00007ffc6d390000 - 0x00007ffc6d3cb000 	C:\Windows\SYSTEM32\dxcore.dll
0x00007ffc3d5d0000 - 0x00007ffc3d897000 	C:\Windows\system32\nvspcap64.dll
0x00007ffc74cd0000 - 0x00007ffc74d1b000 	C:\Windows\SYSTEM32\powrprof.dll
0x00007ffc74b90000 - 0x00007ffc74ba2000 	C:\Windows\SYSTEM32\UMPDC.dll
0x00007ffc74500000 - 0x00007ffc7455a000 	C:\Windows\SYSTEM32\WINSTA.dll
0x00007ffc6c860000 - 0x00007ffc6c959000 	C:\Windows\SYSTEM32\textinputframework.dll
0x00007ffc49c30000 - 0x00007ffc49c89000 	C:\Users\Mohamed\AppData\Local\Temp\lwjglMohamed\3.2.3-build-13\lwjgl_opengl.dll
0x0000000064a00000 - 0x000000006578a000 	C:\Users\Mohamed\AppData\Local\Temp\imgui-java-natives_1645043058774\imgui-java64.dll
0x00007ffc428c0000 - 0x00007ffc42937000 	C:\Users\Mohamed\AppData\Local\Temp\lwjglMohamed\3.2.3-build-13\lwjgl_stb.dll
0x00007ffc03850000 - 0x00007ffc039ea000 	C:\Users\Mohamed\.jdks\temurin-11.0.13\bin\awt.dll
0x00007ffc72b20000 - 0x00007ffc72bb0000 	C:\Windows\SYSTEM32\apphelp.dll

dbghelp: loaded successfully - version: 4.0.5 - missing functions: none
symbol engine: initialized successfully - sym options: 0x614 - pdb path: .;C:\Users\Mohamed\.jdks\temurin-11.0.13\bin;C:\Windows\SYSTEM32;C:\Windows\WinSxS\amd64_microsoft.windows.common-controls_6595b64144ccf1df_6.0.19041.1110_none_60b5254171f9507e;C:\Users\Mohamed\.jdks\temurin-11.0.13\bin\server;C:\Program Files\JetBrains\IntelliJ IDEA 2021.2.3\bin;C:\Users\Mohamed\AppData\Local\Temp\lwjglMohamed\3.2.3-build-13;C:\Windows\System32\DriverStore\FileRepository\nv_dispi.inf_amd64_642e50d7b66aa2a4;C:\Users\Mohamed\AppData\Local\Temp\imgui-java-natives_1645043058774

VM Arguments:
jvm_args: -javaagent:C:\Program Files\JetBrains\IntelliJ IDEA 2021.2.3\lib\idea_rt.jar=56034:C:\Program Files\JetBrains\IntelliJ IDEA 2021.2.3\bin -Dfile.encoding=UTF-8 
java_command: Main
java_class_path (initial): D:\JavaProjects\JavaFPS\target\classes;C:\Users\Mohamed\.m2\repository\org\lwjgl\lwjgl\3.2.3\lwjgl-3.2.3.jar;C:\Users\Mohamed\.m2\repository\org\lwjgl\lwjgl-assimp\3.2.3\lwjgl-assimp-3.2.3.jar;C:\Users\Mohamed\.m2\repository\org\lwjgl\lwjgl-glfw\3.2.3\lwjgl-glfw-3.2.3.jar;C:\Users\Mohamed\.m2\repository\org\lwjgl\lwjgl-nuklear\3.2.3\lwjgl-nuklear-3.2.3.jar;C:\Users\Mohamed\.m2\repository\org\lwjgl\lwjgl-openal\3.2.3\lwjgl-openal-3.2.3.jar;C:\Users\Mohamed\.m2\repository\org\lwjgl\lwjgl-opengl\3.2.3\lwjgl-opengl-3.2.3.jar;C:\Users\Mohamed\.m2\repository\org\lwjgl\lwjgl-stb\3.2.3\lwjgl-stb-3.2.3.jar;C:\Users\Mohamed\.m2\repository\org\lwjgl\lwjgl\3.2.3\lwjgl-3.2.3-natives-windows.jar;C:\Users\Mohamed\.m2\repository\org\lwjgl\lwjgl-assimp\3.2.3\lwjgl-assimp-3.2.3-natives-windows.jar;C:\Users\Mohamed\.m2\repository\org\lwjgl\lwjgl-glfw\3.2.3\lwjgl-glfw-3.2.3-natives-windows.jar;C:\Users\Mohamed\.m2\repository\org\lwjgl\lwjgl-nuklear\3.2.3\lwjgl-nuklear-3.2.3-natives-windows.jar;C:\Users\Mohamed\.m2\repository\org\lwjgl\lwjgl-openal\3.2.3\lwjgl-openal-3.2.3-natives-windows.jar;C:\Users\Mohamed\.m2\repository\org\lwjgl\lwjgl-opengl\3.2.3\lwjgl-opengl-3.2.3-natives-windows.jar;C:\Users\Mohamed\.m2\repository\org\lwjgl\lwjgl-stb\3.2.3\lwjgl-stb-3.2.3-natives-windows.jar;C:\Users\Mohamed\.m2\repository\org\joml\joml\1.10.3\joml-1.10.3.jar;C:\Users\Mohamed\.m2\repository\org\lwjgl\lwjgl-par\3.2.3\lwjgl-par-3.2.3.jar;C:\Users\Mohamed\.m2\repository\org\lwjgl\lwjgl-par\3.2.3\lwjgl-par-3.2.3-natives-windows.jar;C:\Users\Mohamed\.m2\repository\io\github\spair\imgui-java-binding\1.86.2\imgui-java-binding-1.86.2.jar;C:\Users\Mohamed\.m2\repository\io\github\spair\imgui-java-lwjgl3\1.86.2\imgui-java-lwjgl3-1.86.2.jar;C:\Users\Mohamed\.m2\repository\io\github\spair\imgui-java-natives-windows\1.86.2\imgui-java-natives-windows-1.86.2.jar
Launcher Type: SUN_STANDARD

[Global flags]
     intx CICompilerCount                          = 4                                         {product} {ergonomic}
     uint ConcGCThreads                            = 3                                         {product} {ergonomic}
     uint G1ConcRefinementThreads                  = 10                                        {product} {ergonomic}
   size_t G1HeapRegionSize                         = 1048576                                   {product} {ergonomic}
    uintx GCDrainStackTargetSize                   = 64                                        {product} {ergonomic}
   size_t InitialHeapSize                          = 268435456                                 {product} {ergonomic}
   size_t MarkStackSize                            = 4194304                                   {product} {ergonomic}
   size_t MaxHeapSize                              = 4278190080                                {product} {ergonomic}
   size_t MaxNewSize                               = 2566914048                                {product} {ergonomic}
   size_t MinHeapDeltaBytes                        = 1048576                                   {product} {ergonomic}
    uintx NonNMethodCodeHeapSize                   = 5836300                                {pd product} {ergonomic}
    uintx NonProfiledCodeHeapSize                  = 122910970                              {pd product} {ergonomic}
    uintx ProfiledCodeHeapSize                     = 122910970                              {pd product} {ergonomic}
    uintx ReservedCodeCacheSize                    = 251658240                              {pd product} {ergonomic}
     bool SegmentedCodeCache                       = true                                      {product} {ergonomic}
     bool UseCompressedClassPointers               = true                                 {lp64_product} {ergonomic}
     bool UseCompressedOops                        = true                                 {lp64_product} {ergonomic}
     bool UseG1GC                                  = true                                      {product} {ergonomic}
     bool UseLargePagesIndividualAllocation        = false                                  {pd product} {ergonomic}

Logging:
Log output configuration:
 #0: stdout all=warning uptime,level,tags
 #1: stderr all=off uptime,level,tags

Environment Variables:
PATH=C:\Program Files\Common Files\Oracle\Java\javapath;C:\Program Files (x86)\Common Files\Oracle\Java\javapath;C:\Program Files (x86)\Razer Chroma SDK\bin;C:\Program Files\Razer Chroma SDK\bin;C:\Program Files (x86)\Razer\ChromaBroadcast\bin;C:\Program Files\Razer\ChromaBroadcast\bin;C:\Program Files\Oculus\Support\oculus-runtime;C:\Windows\system32;C:\Windows;C:\Windows\System32\Wbem;C:\Windows\System32\WindowsPowerShell\v1.0\;C:\Windows\System32\OpenSSH\;C:\Program Files (x86)\NVIDIA Corporation\PhysX\Common;C:\Program Files\Git\cmd;C:\Windows\system32\config\systemprofile\AppData\Local\Microsoft\WindowsApps;C:\Program Files\NVIDIA Corporation\NVIDIA NvDLISR;C:\Program Files\Calibre2\;C:\Program Files\dotnet\;C:\Program Files\nodejs\;C:\Users\Mohamed\AppData\Local\Microsoft\WindowsApps;C:\Users\Mohamed\AppData\Local\GitHubDesktop\bin;C:\Users\Mohamed\AppData\Local\atom\bin;C:\Users\Mohamed\AppData\Roaming\npm
USERNAME=Mohamed
OS=Windows_NT
PROCESSOR_IDENTIFIER=AMD64 Family 23 Model 8 Stepping 2, AuthenticAMD



---------------  S Y S T E M  ---------------

OS: Windows 10 , 64 bit Build 19041 (10.0.19041.1466)
OS uptime: 4 days 1:34 hours

CPU:total 12 (initial active 12) (12 cores per cpu, 2 threads per core) family 23 model 8 stepping 2 microcode 0x0, cmov, cx8, fxsr, mmx, sse, sse2, sse3, ssse3, sse4.1, sse4.2, popcnt, avx, avx2, aes, clmul, mmxext, 3dnowpref, lzcnt, sse4a, ht, tsc, tscinvbit, tscinv, bmi1, bmi2, adx, sha, fma

Memory: 4k page, system-wide physical 16319M (4654M free)
TotalPageFile size 29119M (AvailPageFile size 9961M)
current process WorkingSet (physical memory assigned to process): 215M, peak: 226M
current process commit charge ("private bytes"): 450M, peak: 466M

vm_info: OpenJDK 64-Bit Server VM (11.0.13+8) for windows-amd64 JRE (11.0.13+8), built on Oct 19 2021 17:05:59 by "" with unknown MS VC++:1916

END.
